#
# There is insufficient memory for the Java Runtime Environment to continue.
# Native memory allocation (malloc) failed to allocate 1480976 bytes. Error detail: Chunk::new
# Possible reasons:
#   The system is out of physical RAM or swap space
#   This process is running with CompressedOops enabled, and the Java Heap may be blocking the growth of the native heap
# Possible solutions:
#   Reduce memory load on the system
#   Increase physical memory or swap space
#   Check if swap backing store is full
#   Decrease Java heap size (-Xmx/-Xms)
#   Decrease number of Java threads
#   Decrease Java thread stack sizes (-Xss)
#   Set larger code cache with -XX:ReservedCodeCacheSize=
#   JVM is running with Unscaled Compressed Oops mode in which the Java heap is
#     placed in the first 4GB address space. The Java Heap base address is the
#     maximum limit for the native heap growth. Please use -XX:HeapBaseMinAddress
#     to set the Java Heap base and to place the Java Heap above 4GB virtual address.
# This output file may be truncated or incomplete.
#
#  Out of Memory Error (arena.cpp:168), pid=9792, tid=6776
#
# JRE version: OpenJDK Runtime Environment Temurin-21.0.6+7 (21.0.6+7) (build 21.0.6+7-LTS)
# Java VM: OpenJDK 64-Bit Server VM Temurin-21.0.6+7 (21.0.6+7-LTS, mixed mode, sharing, tiered, compressed oops, compressed class ptrs, parallel gc, windows-amd64)
# No core dump will be written. Minidumps are not enabled by default on client versions of Windows
#

---------------  S U M M A R Y ------------

Command Line: --add-modules=ALL-SYSTEM --add-opens=java.base/java.util=ALL-UNNAMED --add-opens=java.base/java.lang=ALL-UNNAMED --add-opens=java.base/sun.nio.fs=ALL-UNNAMED -Declipse.application=org.eclipse.jdt.ls.core.id1 -Dosgi.bundles.defaultStartLevel=4 -Declipse.product=org.eclipse.jdt.ls.core.product -Djava.import.generatesMetadataFilesAtProjectRoot=false -DDetectVMInstallationsJob.disabled=true -Dfile.encoding=utf8 -XX:+UseParallelGC -XX:GCTimeRatio=4 -XX:AdaptiveSizePolicyWeight=90 -Dsun.zip.disableMemoryMapping=true -Xmx1G -Xms100m -Xlog:disable -javaagent:c:\Users\Sara\.cursor\extensions\redhat.java-1.40.0-win32-x64\lombok\lombok-1.18.36.jar -XX:+HeapDumpOnOutOfMemoryError -XX:HeapDumpPath=c:\Users\Sara\AppData\Roaming\Cursor\User\workspaceStorage\cc5851b391fa9a3456b3bb2d2ad9e1de\redhat.java -Daether.dependencyCollector.impl=bf c:\Users\Sara\.cursor\extensions\redhat.java-1.40.0-win32-x64\server\plugins\org.eclipse.equinox.launcher_1.6.1000.v20250131-0606.jar -configuration c:\Users\Sara\AppData\Roaming\Cursor\User\globalStorage\redhat.java\1.40.0\config_win -data c:\Users\Sara\AppData\Roaming\Cursor\User\workspaceStorage\cc5851b391fa9a3456b3bb2d2ad9e1de\redhat.java\jdt_ws --pipe=\\.\pipe\lsp-491adc3eeed5f7dcc561807db5a6391b-sock

Host: AMD Ryzen 3 5300U with Radeon Graphics         , 8 cores, 7G,  Windows 11 , 64 bit Build 26100 (10.0.26100.3037)
Time: Sun Mar  9 15:56:48 2025 Hora oficial do Brasil elapsed time: 10.084795 seconds (0d 0h 0m 10s)

---------------  T H R E A D  ---------------

Current thread (0x0000018ad2bbc6e0):  JavaThread "C2 CompilerThread0" daemon [_thread_in_native, id=6776, stack(0x0000003f6f900000,0x0000003f6fa00000) (1024K)]


Current CompileTask:
C2:10085 3965       4       org.lombokweb.asm.ClassReader::readMethod (1070 bytes)

Stack: [0x0000003f6f900000,0x0000003f6fa00000]
Native frames: (J=compiled Java code, j=interpreted, Vv=VM code, C=native code)
V  [jvm.dll+0x6cdee9]
V  [jvm.dll+0x8a83d1]
V  [jvm.dll+0x8aa8fe]
V  [jvm.dll+0x8aafe3]
V  [jvm.dll+0x27f706]
V  [jvm.dll+0xc500d]
V  [jvm.dll+0xc5543]
V  [jvm.dll+0x3b6752]
V  [jvm.dll+0x382935]
V  [jvm.dll+0x381d9a]
V  [jvm.dll+0x2479f0]
V  [jvm.dll+0x246fcf]
V  [jvm.dll+0x1c75ee]
V  [jvm.dll+0x25685a]
V  [jvm.dll+0x254dfa]
V  [jvm.dll+0x3f0256]
V  [jvm.dll+0x851f8b]
V  [jvm.dll+0x6cc5ed]
C  [ucrtbase.dll+0x37b0]
C  [KERNEL32.DLL+0x2e8d7]
C  [ntdll.dll+0xbbf2c]


---------------  P R O C E S S  ---------------

Threads class SMR info:
_java_thread_list=0x0000018aed518390, length=24, elements={
0x0000018ad0752070, 0x0000018ad2ba63c0, 0x0000018ae6eee760, 0x0000018ad2baa360,
0x0000018ad2bab230, 0x0000018ad2bad340, 0x0000018ad2bb4180, 0x0000018ad2bbc6e0,
0x0000018ad2bbe6e0, 0x0000018ae8974810, 0x0000018ae8bb0f70, 0x0000018aed420420,
0x0000018aed457a60, 0x0000018aed49f8f0, 0x0000018aed49ff50, 0x0000018aed806b30,
0x0000018aed805e10, 0x0000018aed807ee0, 0x0000018aed808570, 0x0000018aed8050f0,
0x0000018aed807850, 0x0000018aed805780, 0x0000018aeef8de70, 0x0000018aeef8bda0
}

Java Threads: ( => current thread )
  0x0000018ad0752070 JavaThread "main"                              [_thread_blocked, id=55192, stack(0x0000003f6ef00000,0x0000003f6f000000) (1024K)]
  0x0000018ad2ba63c0 JavaThread "Reference Handler"          daemon [_thread_blocked, id=19432, stack(0x0000003f6f300000,0x0000003f6f400000) (1024K)]
  0x0000018ae6eee760 JavaThread "Finalizer"                  daemon [_thread_blocked, id=34508, stack(0x0000003f6f400000,0x0000003f6f500000) (1024K)]
  0x0000018ad2baa360 JavaThread "Signal Dispatcher"          daemon [_thread_blocked, id=11172, stack(0x0000003f6f500000,0x0000003f6f600000) (1024K)]
  0x0000018ad2bab230 JavaThread "Attach Listener"            daemon [_thread_blocked, id=18736, stack(0x0000003f6f600000,0x0000003f6f700000) (1024K)]
  0x0000018ad2bad340 JavaThread "Service Thread"             daemon [_thread_blocked, id=43360, stack(0x0000003f6f700000,0x0000003f6f800000) (1024K)]
  0x0000018ad2bb4180 JavaThread "Monitor Deflation Thread"   daemon [_thread_blocked, id=54892, stack(0x0000003f6f800000,0x0000003f6f900000) (1024K)]
=>0x0000018ad2bbc6e0 JavaThread "C2 CompilerThread0"         daemon [_thread_in_native, id=6776, stack(0x0000003f6f900000,0x0000003f6fa00000) (1024K)]
  0x0000018ad2bbe6e0 JavaThread "C1 CompilerThread0"         daemon [_thread_blocked, id=22620, stack(0x0000003f6fa00000,0x0000003f6fb00000) (1024K)]
  0x0000018ae8974810 JavaThread "Common-Cleaner"             daemon [_thread_blocked, id=14232, stack(0x0000003f6fb00000,0x0000003f6fc00000) (1024K)]
  0x0000018ae8bb0f70 JavaThread "Notification Thread"        daemon [_thread_blocked, id=14088, stack(0x0000003f6fc00000,0x0000003f6fd00000) (1024K)]
  0x0000018aed420420 JavaThread "Active Thread: Equinox Container: 2934d32c-1fa3-4ccc-96df-6156a731b04d"        [_thread_blocked, id=55044, stack(0x0000003f70300000,0x0000003f70400000) (1024K)]
  0x0000018aed457a60 JavaThread "Refresh Thread: Equinox Container: 2934d32c-1fa3-4ccc-96df-6156a731b04d" daemon [_thread_blocked, id=15124, stack(0x0000003f70400000,0x0000003f70500000) (1024K)]
  0x0000018aed49f8f0 JavaThread "Framework Event Dispatcher: Equinox Container: 2934d32c-1fa3-4ccc-96df-6156a731b04d" daemon [_thread_blocked, id=50708, stack(0x0000003f70600000,0x0000003f70700000) (1024K)]
  0x0000018aed49ff50 JavaThread "Start Level: Equinox Container: 2934d32c-1fa3-4ccc-96df-6156a731b04d" daemon [_thread_in_native, id=5488, stack(0x0000003f70700000,0x0000003f70800000) (1024K)]
  0x0000018aed806b30 JavaThread "Bundle File Closer"         daemon [_thread_blocked, id=39684, stack(0x0000003f70800000,0x0000003f70900000) (1024K)]
  0x0000018aed805e10 JavaThread "SCR Component Actor"        daemon [_thread_blocked, id=52940, stack(0x0000003f70900000,0x0000003f70a00000) (1024K)]
  0x0000018aed807ee0 JavaThread "SCR Component Registry"     daemon [_thread_blocked, id=44996, stack(0x0000003f70a00000,0x0000003f70b00000) (1024K)]
  0x0000018aed808570 JavaThread "Worker-JM"                         [_thread_blocked, id=34880, stack(0x0000003f70b00000,0x0000003f70c00000) (1024K)]
  0x0000018aed8050f0 JavaThread "JNA Cleaner"                daemon [_thread_blocked, id=13324, stack(0x0000003f70c00000,0x0000003f70d00000) (1024K)]
  0x0000018aed807850 JavaThread "Worker-0: Updating Maven Dependencies"        [_thread_blocked, id=53308, stack(0x0000003f70d00000,0x0000003f70e00000) (1024K)]
  0x0000018aed805780 JavaThread "Worker-1: Repository registry initialization"        [_thread_in_native, id=56916, stack(0x0000003f70e00000,0x0000003f70f00000) (1024K)]
  0x0000018aeef8de70 JavaThread "Worker-2"                          [_thread_blocked, id=56184, stack(0x0000003f70f00000,0x0000003f71000000) (1024K)]
  0x0000018aeef8bda0 JavaThread "Worker-3"                          [_thread_blocked, id=25496, stack(0x0000003f71000000,0x0000003f71100000) (1024K)]
Total: 24

Other Threads:
  0x0000018ae6ed6800 VMThread "VM Thread"                           [id=36516, stack(0x0000003f6f200000,0x0000003f6f300000) (1024K)]
  0x0000018ad2b8f420 WatcherThread "VM Periodic Task Thread"        [id=3884, stack(0x0000003f6f100000,0x0000003f6f200000) (1024K)]
  0x0000018ad2b424a0 WorkerThread "GC Thread#0"                     [id=41348, stack(0x0000003f6f000000,0x0000003f6f100000) (1024K)]
  0x0000018aed25b600 WorkerThread "GC Thread#1"                     [id=30364, stack(0x0000003f6fd00000,0x0000003f6fe00000) (1024K)]
  0x0000018aed60fa40 WorkerThread "GC Thread#2"                     [id=43468, stack(0x0000003f6fe00000,0x0000003f6ff00000) (1024K)]
  0x0000018aed55e6d0 WorkerThread "GC Thread#3"                     [id=54232, stack(0x0000003f6ff00000,0x0000003f70000000) (1024K)]
  0x0000018aed55ea70 WorkerThread "GC Thread#4"                     [id=42532, stack(0x0000003f70000000,0x0000003f70100000) (1024K)]
  0x0000018aed38e820 WorkerThread "GC Thread#5"                     [id=39716, stack(0x0000003f70100000,0x0000003f70200000) (1024K)]
  0x0000018aed38ebc0 WorkerThread "GC Thread#6"                     [id=55908, stack(0x0000003f70200000,0x0000003f70300000) (1024K)]
  0x0000018aed58b2d0 WorkerThread "GC Thread#7"                     [id=9924, stack(0x0000003f70500000,0x0000003f70600000) (1024K)]
Total: 10

Threads with active compile tasks:
C2 CompilerThread0  10222 3965       4       org.lombokweb.asm.ClassReader::readMethod (1070 bytes)
Total: 1

VM state: not at safepoint (normal execution)

VM Mutex/Monitor currently owned by a thread: None

Heap address: 0x00000000c0000000, size: 1024 MB, Compressed Oops mode: 32-bit

CDS archive(s) mapped at: [0x0000018a80000000-0x0000018a80ba0000-0x0000018a80ba0000), size 12189696, SharedBaseAddress: 0x0000018a80000000, ArchiveRelocationMode: 1.
Compressed class space mapped at: 0x0000018a81000000-0x0000018ac1000000, reserved size: 1073741824
Narrow klass base: 0x0000018a80000000, Narrow klass shift: 0, Narrow klass range: 0x100000000

GC Precious Log:
 CardTable entry size: 512
 CPUs: 8 total, 8 available
 Memory: 7530M
 Large Page Support: Disabled
 NUMA Support: Disabled
 Compressed Oops: Enabled (32-bit)
 Alignments: Space 512K, Generation 512K, Heap 2M
 Heap Min Capacity: 100M
 Heap Initial Capacity: 100M
 Heap Max Capacity: 1G
 Pre-touch: Disabled
 Parallel Workers: 8

Heap:
 PSYoungGen      total 25600K, used 14619K [0x00000000eab00000, 0x00000000ec880000, 0x0000000100000000)
  eden space 23552K, 56% used [0x00000000eab00000,0x00000000eb7e7f90,0x00000000ec200000)
  from space 2048K, 68% used [0x00000000ec480000,0x00000000ec5deda0,0x00000000ec680000)
  to   space 2048K, 0% used [0x00000000ec680000,0x00000000ec680000,0x00000000ec880000)
 ParOldGen       total 68608K, used 13872K [0x00000000c0000000, 0x00000000c4300000, 0x00000000eab00000)
  object space 68608K, 20% used [0x00000000c0000000,0x00000000c0d8c130,0x00000000c4300000)
 Metaspace       used 26831K, committed 27712K, reserved 1114112K
  class space    used 2543K, committed 2880K, reserved 1048576K

Card table byte_map: [0x0000018ad24a0000,0x0000018ad26b0000] _byte_map_base: 0x0000018ad1ea0000

Marking Bits: (ParMarkBitMap*) 0x00007ffad1193260
 Begin Bits: [0x0000018ae4cf0000, 0x0000018ae5cf0000)
 End Bits:   [0x0000018ae5cf0000, 0x0000018ae6cf0000)

Polling page: 0x0000018ad0860000

Metaspace:

Usage:
  Non-class:     23.72 MB used.
      Class:      2.48 MB used.
       Both:     26.20 MB used.

Virtual space:
  Non-class space:       64.00 MB reserved,      24.25 MB ( 38%) committed,  1 nodes.
      Class space:        1.00 GB reserved,       2.81 MB ( <1%) committed,  1 nodes.
             Both:        1.06 GB reserved,      27.06 MB (  2%) committed. 

Chunk freelists:
   Non-Class:  7.36 MB
       Class:  13.00 MB
        Both:  20.36 MB

MaxMetaspaceSize: unlimited
CompressedClassSpaceSize: 1.00 GB
Initial GC threshold: 21.00 MB
Current GC threshold: 35.00 MB
CDS: on
 - commit_granule_bytes: 65536.
 - commit_granule_words: 8192.
 - virtual_space_node_default_size: 8388608.
 - enlarge_chunks_in_place: 1.
 - use_allocation_guard: 0.


Internal statistics:

num_allocs_failed_limit: 3.
num_arena_births: 686.
num_arena_deaths: 14.
num_vsnodes_births: 2.
num_vsnodes_deaths: 0.
num_space_committed: 433.
num_space_uncommitted: 0.
num_chunks_returned_to_freelist: 17.
num_chunks_taken_from_freelist: 1777.
num_chunk_merges: 9.
num_chunk_splits: 1138.
num_chunks_enlarged: 722.
num_inconsistent_stats: 0.

CodeHeap 'non-profiled nmethods': size=120000Kb used=1721Kb max_used=1721Kb free=118278Kb
 bounds [0x0000018add7c0000, 0x0000018adda30000, 0x0000018ae4cf0000]
CodeHeap 'profiled nmethods': size=120000Kb used=8614Kb max_used=8614Kb free=111385Kb
 bounds [0x0000018ad5cf0000, 0x0000018ad6560000, 0x0000018add220000]
CodeHeap 'non-nmethods': size=5760Kb used=1328Kb max_used=1328Kb free=4431Kb
 bounds [0x0000018add220000, 0x0000018add490000, 0x0000018add7c0000]
 total_blobs=4705 nmethods=4087 adapters=524
 compilation: enabled
              stopped_count=0, restarted_count=0
 full_count=0

Compilation events (20 events):
Event: 8.977 Thread 0x0000018ad2bbe6e0 4006       1       org.eclipse.core.internal.registry.ExtensionRegistry::getObjectManager (5 bytes)
Event: 8.977 Thread 0x0000018ad2bbe6e0 nmethod 4006 0x0000018add969910 code [0x0000018add969aa0, 0x0000018add969b68]
Event: 8.979 Thread 0x0000018ad2bbe6e0 4007       1       java.lang.ClassLoader::getName (5 bytes)
Event: 8.979 Thread 0x0000018ad2bbe6e0 nmethod 4007 0x0000018add969c10 code [0x0000018add969da0, 0x0000018add969e68]
Event: 8.985 Thread 0x0000018ad2bbe6e0 4008   !   3       sun.nio.fs.WindowsPath::getPathForWin32Calls (147 bytes)
Event: 8.986 Thread 0x0000018ad2bbe6e0 nmethod 4008 0x0000018ad6529090 code [0x0000018ad6529340, 0x0000018ad652a168]
Event: 9.010 Thread 0x0000018ad2bbe6e0 4009   !   3       java.lang.String::replace (258 bytes)
Event: 9.012 Thread 0x0000018ad2bbe6e0 nmethod 4009 0x0000018ad652a590 code [0x0000018ad652aa60, 0x0000018ad652ccc0]
Event: 9.032 Thread 0x0000018ad2bbe6e0 4010       3       java.net.URL::<init> (7 bytes)
Event: 9.032 Thread 0x0000018ad2bbe6e0 nmethod 4010 0x0000018ad652dc10 code [0x0000018ad652ddc0, 0x0000018ad652df70]
Event: 9.039 Thread 0x0000018ad2bbe6e0 4011       1       java.net.URI::getRawPath (5 bytes)
Event: 9.039 Thread 0x0000018ad2bbe6e0 nmethod 4011 0x0000018add969f10 code [0x0000018add96a0a0, 0x0000018add96a168]
Event: 9.040 Thread 0x0000018ad2bbe6e0 4012       1       java.net.URI::getPort (5 bytes)
Event: 9.040 Thread 0x0000018ad2bbe6e0 nmethod 4012 0x0000018add96a210 code [0x0000018add96a3a0, 0x0000018add96a468]
Event: 9.095 Thread 0x0000018ad2bbe6e0 4013       3       java.util.concurrent.locks.AbstractQueuedSynchronizer::casTail (13 bytes)
Event: 9.095 Thread 0x0000018ad2bbe6e0 nmethod 4013 0x0000018ad652e090 code [0x0000018ad652e220, 0x0000018ad652e360]
Event: 9.207 Thread 0x0000018ad2bbe6e0 4014       1       org.eclipse.core.internal.jobs.InternalJob::previous (5 bytes)
Event: 9.207 Thread 0x0000018ad2bbe6e0 nmethod 4014 0x0000018add96a510 code [0x0000018add96a6a0, 0x0000018add96a768]
Event: 9.399 Thread 0x0000018ad2bbe6e0 4016       3       java.lang.invoke.LambdaForm::<init> (53 bytes)
Event: 9.400 Thread 0x0000018ad2bbe6e0 nmethod 4016 0x0000018ad652e410 code [0x0000018ad652e5c0, 0x0000018ad652e7a0]

GC Heap History (20 events):
Event: 1.355 GC heap before
{Heap before GC invocations=1 (full 0):
 PSYoungGen      total 29696K, used 25600K [0x00000000eab00000, 0x00000000ecc00000, 0x0000000100000000)
  eden space 25600K, 100% used [0x00000000eab00000,0x00000000ec400000,0x00000000ec400000)
  from space 4096K, 0% used [0x00000000ec800000,0x00000000ec800000,0x00000000ecc00000)
  to   space 4096K, 0% used [0x00000000ec400000,0x00000000ec400000,0x00000000ec800000)
 ParOldGen       total 68608K, used 0K [0x00000000c0000000, 0x00000000c4300000, 0x00000000eab00000)
  object space 68608K, 0% used [0x00000000c0000000,0x00000000c0000000,0x00000000c4300000)
 Metaspace       used 4333K, committed 4544K, reserved 1114112K
  class space    used 435K, committed 512K, reserved 1048576K
}
Event: 1.371 GC heap after
{Heap after GC invocations=1 (full 0):
 PSYoungGen      total 29696K, used 3173K [0x00000000eab00000, 0x00000000ecc00000, 0x0000000100000000)
  eden space 25600K, 0% used [0x00000000eab00000,0x00000000eab00000,0x00000000ec400000)
  from space 4096K, 77% used [0x00000000ec400000,0x00000000ec7197f0,0x00000000ec800000)
  to   space 4096K, 0% used [0x00000000ec800000,0x00000000ec800000,0x00000000ecc00000)
 ParOldGen       total 68608K, used 16K [0x00000000c0000000, 0x00000000c4300000, 0x00000000eab00000)
  object space 68608K, 0% used [0x00000000c0000000,0x00000000c0004000,0x00000000c4300000)
 Metaspace       used 4333K, committed 4544K, reserved 1114112K
  class space    used 435K, committed 512K, reserved 1048576K
}
Event: 2.666 GC heap before
{Heap before GC invocations=2 (full 0):
 PSYoungGen      total 29696K, used 28773K [0x00000000eab00000, 0x00000000ecc00000, 0x0000000100000000)
  eden space 25600K, 100% used [0x00000000eab00000,0x00000000ec400000,0x00000000ec400000)
  from space 4096K, 77% used [0x00000000ec400000,0x00000000ec7197f0,0x00000000ec800000)
  to   space 4096K, 0% used [0x00000000ec800000,0x00000000ec800000,0x00000000ecc00000)
 ParOldGen       total 68608K, used 16K [0x00000000c0000000, 0x00000000c4300000, 0x00000000eab00000)
  object space 68608K, 0% used [0x00000000c0000000,0x00000000c0004000,0x00000000c4300000)
 Metaspace       used 7910K, committed 8192K, reserved 1114112K
  class space    used 773K, committed 896K, reserved 1048576K
}
Event: 2.673 GC heap after
{Heap after GC invocations=2 (full 0):
 PSYoungGen      total 29696K, used 4094K [0x00000000eab00000, 0x00000000ecc00000, 0x0000000100000000)
  eden space 25600K, 0% used [0x00000000eab00000,0x00000000eab00000,0x00000000ec400000)
  from space 4096K, 99% used [0x00000000ec800000,0x00000000ecbffa90,0x00000000ecc00000)
  to   space 4096K, 0% used [0x00000000ec400000,0x00000000ec400000,0x00000000ec800000)
 ParOldGen       total 68608K, used 1618K [0x00000000c0000000, 0x00000000c4300000, 0x00000000eab00000)
  object space 68608K, 2% used [0x00000000c0000000,0x00000000c01948a8,0x00000000c4300000)
 Metaspace       used 7910K, committed 8192K, reserved 1114112K
  class space    used 773K, committed 896K, reserved 1048576K
}
Event: 3.714 GC heap before
{Heap before GC invocations=3 (full 0):
 PSYoungGen      total 29696K, used 29694K [0x00000000eab00000, 0x00000000ecc00000, 0x0000000100000000)
  eden space 25600K, 100% used [0x00000000eab00000,0x00000000ec400000,0x00000000ec400000)
  from space 4096K, 99% used [0x00000000ec800000,0x00000000ecbffa90,0x00000000ecc00000)
  to   space 4096K, 0% used [0x00000000ec400000,0x00000000ec400000,0x00000000ec800000)
 ParOldGen       total 68608K, used 1618K [0x00000000c0000000, 0x00000000c4300000, 0x00000000eab00000)
  object space 68608K, 2% used [0x00000000c0000000,0x00000000c01948a8,0x00000000c4300000)
 Metaspace       used 9151K, committed 9472K, reserved 1114112K
  class space    used 914K, committed 1088K, reserved 1048576K
}
Event: 3.721 GC heap after
{Heap after GC invocations=3 (full 0):
 PSYoungGen      total 29696K, used 4095K [0x00000000eab00000, 0x00000000ecc00000, 0x0000000100000000)
  eden space 25600K, 0% used [0x00000000eab00000,0x00000000eab00000,0x00000000ec400000)
  from space 4096K, 99% used [0x00000000ec400000,0x00000000ec7ffed0,0x00000000ec800000)
  to   space 4096K, 0% used [0x00000000ec800000,0x00000000ec800000,0x00000000ecc00000)
 ParOldGen       total 68608K, used 5813K [0x00000000c0000000, 0x00000000c4300000, 0x00000000eab00000)
  object space 68608K, 8% used [0x00000000c0000000,0x00000000c05ad778,0x00000000c4300000)
 Metaspace       used 9151K, committed 9472K, reserved 1114112K
  class space    used 914K, committed 1088K, reserved 1048576K
}
Event: 5.005 GC heap before
{Heap before GC invocations=4 (full 0):
 PSYoungGen      total 29696K, used 29695K [0x00000000eab00000, 0x00000000ecc00000, 0x0000000100000000)
  eden space 25600K, 100% used [0x00000000eab00000,0x00000000ec400000,0x00000000ec400000)
  from space 4096K, 99% used [0x00000000ec400000,0x00000000ec7ffed0,0x00000000ec800000)
  to   space 4096K, 0% used [0x00000000ec800000,0x00000000ec800000,0x00000000ecc00000)
 ParOldGen       total 68608K, used 5813K [0x00000000c0000000, 0x00000000c4300000, 0x00000000eab00000)
  object space 68608K, 8% used [0x00000000c0000000,0x00000000c05ad778,0x00000000c4300000)
 Metaspace       used 12356K, committed 12736K, reserved 1114112K
  class space    used 1225K, committed 1408K, reserved 1048576K
}
Event: 5.009 GC heap after
{Heap after GC invocations=4 (full 0):
 PSYoungGen      total 29696K, used 4081K [0x00000000eab00000, 0x00000000ecc00000, 0x0000000100000000)
  eden space 25600K, 0% used [0x00000000eab00000,0x00000000eab00000,0x00000000ec400000)
  from space 4096K, 99% used [0x00000000ec800000,0x00000000ecbfc768,0x00000000ecc00000)
  to   space 4096K, 0% used [0x00000000ec400000,0x00000000ec400000,0x00000000ec800000)
 ParOldGen       total 68608K, used 6770K [0x00000000c0000000, 0x00000000c4300000, 0x00000000eab00000)
  object space 68608K, 9% used [0x00000000c0000000,0x00000000c069c9c0,0x00000000c4300000)
 Metaspace       used 12356K, committed 12736K, reserved 1114112K
  class space    used 1225K, committed 1408K, reserved 1048576K
}
Event: 7.272 GC heap before
{Heap before GC invocations=5 (full 0):
 PSYoungGen      total 29696K, used 29681K [0x00000000eab00000, 0x00000000ecc00000, 0x0000000100000000)
  eden space 25600K, 100% used [0x00000000eab00000,0x00000000ec400000,0x00000000ec400000)
  from space 4096K, 99% used [0x00000000ec800000,0x00000000ecbfc768,0x00000000ecc00000)
  to   space 4096K, 0% used [0x00000000ec400000,0x00000000ec400000,0x00000000ec800000)
 ParOldGen       total 68608K, used 6770K [0x00000000c0000000, 0x00000000c4300000, 0x00000000eab00000)
  object space 68608K, 9% used [0x00000000c0000000,0x00000000c069c9c0,0x00000000c4300000)
 Metaspace       used 16302K, committed 16896K, reserved 1114112K
  class space    used 1616K, committed 1856K, reserved 1048576K
}
Event: 7.276 GC heap after
{Heap after GC invocations=5 (full 0):
 PSYoungGen      total 29184K, used 4094K [0x00000000eab00000, 0x00000000ece80000, 0x0000000100000000)
  eden space 25088K, 0% used [0x00000000eab00000,0x00000000eab00000,0x00000000ec380000)
  from space 4096K, 99% used [0x00000000ec400000,0x00000000ec7ff9e8,0x00000000ec800000)
  to   space 5632K, 0% used [0x00000000ec900000,0x00000000ec900000,0x00000000ece80000)
 ParOldGen       total 68608K, used 8169K [0x00000000c0000000, 0x00000000c4300000, 0x00000000eab00000)
  object space 68608K, 11% used [0x00000000c0000000,0x00000000c07fa460,0x00000000c4300000)
 Metaspace       used 16302K, committed 16896K, reserved 1114112K
  class space    used 1616K, committed 1856K, reserved 1048576K
}
Event: 7.912 GC heap before
{Heap before GC invocations=6 (full 0):
 PSYoungGen      total 29184K, used 29182K [0x00000000eab00000, 0x00000000ece80000, 0x0000000100000000)
  eden space 25088K, 100% used [0x00000000eab00000,0x00000000ec380000,0x00000000ec380000)
  from space 4096K, 99% used [0x00000000ec400000,0x00000000ec7ff9e8,0x00000000ec800000)
  to   space 5632K, 0% used [0x00000000ec900000,0x00000000ec900000,0x00000000ece80000)
 ParOldGen       total 68608K, used 8169K [0x00000000c0000000, 0x00000000c4300000, 0x00000000eab00000)
  object space 68608K, 11% used [0x00000000c0000000,0x00000000c07fa460,0x00000000c4300000)
 Metaspace       used 18810K, committed 19584K, reserved 1114112K
  class space    used 1895K, committed 2240K, reserved 1048576K
}
Event: 7.917 GC heap after
{Heap after GC invocations=6 (full 0):
 PSYoungGen      total 29184K, used 4113K [0x00000000eab00000, 0x00000000ecd80000, 0x0000000100000000)
  eden space 24576K, 0% used [0x00000000eab00000,0x00000000eab00000,0x00000000ec300000)
  from space 4608K, 89% used [0x00000000ec900000,0x00000000ecd04428,0x00000000ecd80000)
  to   space 5120K, 0% used [0x00000000ec380000,0x00000000ec380000,0x00000000ec880000)
 ParOldGen       total 68608K, used 8177K [0x00000000c0000000, 0x00000000c4300000, 0x00000000eab00000)
  object space 68608K, 11% used [0x00000000c0000000,0x00000000c07fc460,0x00000000c4300000)
 Metaspace       used 18810K, committed 19584K, reserved 1114112K
  class space    used 1895K, committed 2240K, reserved 1048576K
}
Event: 8.288 GC heap before
{Heap before GC invocations=7 (full 0):
 PSYoungGen      total 29184K, used 19372K [0x00000000eab00000, 0x00000000ecd80000, 0x0000000100000000)
  eden space 24576K, 62% used [0x00000000eab00000,0x00000000eb9e6f60,0x00000000ec300000)
  from space 4608K, 89% used [0x00000000ec900000,0x00000000ecd04428,0x00000000ecd80000)
  to   space 5120K, 0% used [0x00000000ec380000,0x00000000ec380000,0x00000000ec880000)
 ParOldGen       total 68608K, used 8177K [0x00000000c0000000, 0x00000000c4300000, 0x00000000eab00000)
  object space 68608K, 11% used [0x00000000c0000000,0x00000000c07fc460,0x00000000c4300000)
 Metaspace       used 20761K, committed 21504K, reserved 1114112K
  class space    used 2093K, committed 2432K, reserved 1048576K
}
Event: 8.293 GC heap after
{Heap after GC invocations=7 (full 0):
 PSYoungGen      total 29184K, used 4448K [0x00000000eab00000, 0x00000000ecc00000, 0x0000000100000000)
  eden space 24576K, 0% used [0x00000000eab00000,0x00000000eab00000,0x00000000ec300000)
  from space 4608K, 96% used [0x00000000ec380000,0x00000000ec7d8060,0x00000000ec800000)
  to   space 4096K, 0% used [0x00000000ec800000,0x00000000ec800000,0x00000000ecc00000)
 ParOldGen       total 68608K, used 9552K [0x00000000c0000000, 0x00000000c4300000, 0x00000000eab00000)
  object space 68608K, 13% used [0x00000000c0000000,0x00000000c09540c8,0x00000000c4300000)
 Metaspace       used 20761K, committed 21504K, reserved 1114112K
  class space    used 2093K, committed 2432K, reserved 1048576K
}
Event: 8.293 GC heap before
{Heap before GC invocations=8 (full 1):
 PSYoungGen      total 29184K, used 4448K [0x00000000eab00000, 0x00000000ecc00000, 0x0000000100000000)
  eden space 24576K, 0% used [0x00000000eab00000,0x00000000eab00000,0x00000000ec300000)
  from space 4608K, 96% used [0x00000000ec380000,0x00000000ec7d8060,0x00000000ec800000)
  to   space 4096K, 0% used [0x00000000ec800000,0x00000000ec800000,0x00000000ecc00000)
 ParOldGen       total 68608K, used 9552K [0x00000000c0000000, 0x00000000c4300000, 0x00000000eab00000)
  object space 68608K, 13% used [0x00000000c0000000,0x00000000c09540c8,0x00000000c4300000)
 Metaspace       used 20761K, committed 21504K, reserved 1114112K
  class space    used 2093K, committed 2432K, reserved 1048576K
}
Event: 8.333 GC heap after
{Heap after GC invocations=8 (full 1):
 PSYoungGen      total 29184K, used 0K [0x00000000eab00000, 0x00000000ecc00000, 0x0000000100000000)
  eden space 24576K, 0% used [0x00000000eab00000,0x00000000eab00000,0x00000000ec300000)
  from space 4608K, 0% used [0x00000000ec380000,0x00000000ec380000,0x00000000ec800000)
  to   space 4096K, 0% used [0x00000000ec800000,0x00000000ec800000,0x00000000ecc00000)
 ParOldGen       total 68608K, used 13091K [0x00000000c0000000, 0x00000000c4300000, 0x00000000eab00000)
  object space 68608K, 19% used [0x00000000c0000000,0x00000000c0cc8c20,0x00000000c4300000)
 Metaspace       used 20748K, committed 21504K, reserved 1114112K
  class space    used 2089K, committed 2432K, reserved 1048576K
}
Event: 8.651 GC heap before
{Heap before GC invocations=9 (full 1):
 PSYoungGen      total 29184K, used 24548K [0x00000000eab00000, 0x00000000ecc00000, 0x0000000100000000)
  eden space 24576K, 99% used [0x00000000eab00000,0x00000000ec2f9058,0x00000000ec300000)
  from space 4608K, 0% used [0x00000000ec380000,0x00000000ec380000,0x00000000ec800000)
  to   space 4096K, 0% used [0x00000000ec800000,0x00000000ec800000,0x00000000ecc00000)
 ParOldGen       total 68608K, used 13091K [0x00000000c0000000, 0x00000000c4300000, 0x00000000eab00000)
  object space 68608K, 19% used [0x00000000c0000000,0x00000000c0cc8c20,0x00000000c4300000)
 Metaspace       used 23274K, committed 24128K, reserved 1114112K
  class space    used 2252K, committed 2624K, reserved 1048576K
}
Event: 8.652 GC heap after
{Heap after GC invocations=9 (full 1):
 PSYoungGen      total 24576K, used 481K [0x00000000eab00000, 0x00000000ec880000, 0x0000000100000000)
  eden space 24064K, 0% used [0x00000000eab00000,0x00000000eab00000,0x00000000ec280000)
  from space 512K, 93% used [0x00000000ec800000,0x00000000ec878420,0x00000000ec880000)
  to   space 2048K, 0% used [0x00000000ec480000,0x00000000ec480000,0x00000000ec680000)
 ParOldGen       total 68608K, used 13091K [0x00000000c0000000, 0x00000000c4300000, 0x00000000eab00000)
  object space 68608K, 19% used [0x00000000c0000000,0x00000000c0cc8c20,0x00000000c4300000)
 Metaspace       used 23274K, committed 24128K, reserved 1114112K
  class space    used 2252K, committed 2624K, reserved 1048576K
}
Event: 8.967 GC heap before
{Heap before GC invocations=10 (full 1):
 PSYoungGen      total 24576K, used 24545K [0x00000000eab00000, 0x00000000ec880000, 0x0000000100000000)
  eden space 24064K, 100% used [0x00000000eab00000,0x00000000ec280000,0x00000000ec280000)
  from space 512K, 93% used [0x00000000ec800000,0x00000000ec878420,0x00000000ec880000)
  to   space 2048K, 0% used [0x00000000ec480000,0x00000000ec480000,0x00000000ec680000)
 ParOldGen       total 68608K, used 13091K [0x00000000c0000000, 0x00000000c4300000, 0x00000000eab00000)
  object space 68608K, 19% used [0x00000000c0000000,0x00000000c0cc8c20,0x00000000c4300000)
 Metaspace       used 26002K, committed 26816K, reserved 1114112K
  class space    used 2466K, committed 2816K, reserved 1048576K
}
Event: 8.968 GC heap after
{Heap after GC invocations=10 (full 1):
 PSYoungGen      total 25600K, used 1403K [0x00000000eab00000, 0x00000000ec880000, 0x0000000100000000)
  eden space 23552K, 0% used [0x00000000eab00000,0x00000000eab00000,0x00000000ec200000)
  from space 2048K, 68% used [0x00000000ec480000,0x00000000ec5deda0,0x00000000ec680000)
  to   space 2048K, 0% used [0x00000000ec680000,0x00000000ec680000,0x00000000ec880000)
 ParOldGen       total 68608K, used 13872K [0x00000000c0000000, 0x00000000c4300000, 0x00000000eab00000)
  object space 68608K, 20% used [0x00000000c0000000,0x00000000c0d8c130,0x00000000c4300000)
 Metaspace       used 26002K, committed 26816K, reserved 1114112K
  class space    used 2466K, committed 2816K, reserved 1048576K
}

Dll operation events (10 events):
Event: 0.068 Loaded shared library c:\Users\Sara\.cursor\extensions\redhat.java-1.40.0-win32-x64\jre\21.0.6-win32-x86_64\bin\java.dll
Event: 0.157 Loaded shared library c:\Users\Sara\.cursor\extensions\redhat.java-1.40.0-win32-x64\jre\21.0.6-win32-x86_64\bin\zip.dll
Event: 0.185 Loaded shared library C:\Users\Sara\.cursor\extensions\redhat.java-1.40.0-win32-x64\jre\21.0.6-win32-x86_64\bin\instrument.dll
Event: 0.193 Loaded shared library C:\Users\Sara\.cursor\extensions\redhat.java-1.40.0-win32-x64\jre\21.0.6-win32-x86_64\bin\net.dll
Event: 0.200 Loaded shared library C:\Users\Sara\.cursor\extensions\redhat.java-1.40.0-win32-x64\jre\21.0.6-win32-x86_64\bin\nio.dll
Event: 0.206 Loaded shared library C:\Users\Sara\.cursor\extensions\redhat.java-1.40.0-win32-x64\jre\21.0.6-win32-x86_64\bin\zip.dll
Event: 0.232 Loaded shared library C:\Users\Sara\.cursor\extensions\redhat.java-1.40.0-win32-x64\jre\21.0.6-win32-x86_64\bin\jimage.dll
Event: 0.360 Loaded shared library c:\Users\Sara\.cursor\extensions\redhat.java-1.40.0-win32-x64\jre\21.0.6-win32-x86_64\bin\verify.dll
Event: 2.630 Loaded shared library C:\Users\Sara\AppData\Roaming\Cursor\User\globalStorage\redhat.java\1.40.0\config_win\org.eclipse.equinox.launcher\org.eclipse.equinox.launcher.win32.win32.x86_64_1.2.1200.v20250212-0927\eclipse_11909.dll
Event: 7.213 Loaded shared library C:\Users\Sara\AppData\Local\Temp\jna-2569501\jna10572033639559146431.dll

Deoptimization events (20 events):
Event: 7.988 Thread 0x0000018aed49ff50 Uncommon trap: trap_request=0xffffff45 fr.pc=0x0000018add82890c relative=0x000000000000006c
Event: 7.988 Thread 0x0000018aed49ff50 Uncommon trap: reason=unstable_if action=reinterpret pc=0x0000018add82890c method=java.lang.AbstractStringBuilder.isLatin1()Z @ 10 c2
Event: 7.988 Thread 0x0000018aed49ff50 DEOPT PACKING pc=0x0000018add82890c sp=0x0000003f707f2d80
Event: 7.988 Thread 0x0000018aed49ff50 DEOPT UNPACKING pc=0x0000018add273aa2 sp=0x0000003f707f2d10 mode 2
Event: 7.991 Thread 0x0000018aed49ff50 Uncommon trap: trap_request=0xffffff45 fr.pc=0x0000018add7ef4e8 relative=0x0000000000000048
Event: 7.991 Thread 0x0000018aed49ff50 Uncommon trap: reason=unstable_if action=reinterpret pc=0x0000018add7ef4e8 method=java.lang.StringLatin1.canEncode(I)Z @ 4 c2
Event: 7.991 Thread 0x0000018aed49ff50 DEOPT PACKING pc=0x0000018add7ef4e8 sp=0x0000003f707f2d10
Event: 7.991 Thread 0x0000018aed49ff50 DEOPT UNPACKING pc=0x0000018add273aa2 sp=0x0000003f707f2ca0 mode 2
Event: 8.280 Thread 0x0000018aed49ff50 Uncommon trap: trap_request=0xffffff45 fr.pc=0x0000018add93fcc4 relative=0x0000000000000b04
Event: 8.280 Thread 0x0000018aed49ff50 Uncommon trap: reason=unstable_if action=reinterpret pc=0x0000018add93fcc4 method=jdk.internal.org.objectweb.asm.Frame.execute(IILjdk/internal/org/objectweb/asm/Symbol;Ljdk/internal/org/objectweb/asm/SymbolTable;)V @ 1 c2
Event: 8.280 Thread 0x0000018aed49ff50 DEOPT PACKING pc=0x0000018add93fcc4 sp=0x0000003f707f7dd0
Event: 8.280 Thread 0x0000018aed49ff50 DEOPT UNPACKING pc=0x0000018add273aa2 sp=0x0000003f707f7d58 mode 2
Event: 8.789 Thread 0x0000018aed49ff50 Uncommon trap: trap_request=0xffffff45 fr.pc=0x0000018add968b6c relative=0x000000000000014c
Event: 8.789 Thread 0x0000018aed49ff50 Uncommon trap: reason=unstable_if action=reinterpret pc=0x0000018add968b6c method=org.lombokweb.asm.ByteVector.putByteArray([BII)Lorg/lombokweb/asm/ByteVector; @ 20 c2
Event: 8.789 Thread 0x0000018aed49ff50 DEOPT PACKING pc=0x0000018add968b6c sp=0x0000003f707ee9c0
Event: 8.789 Thread 0x0000018aed49ff50 DEOPT UNPACKING pc=0x0000018add273aa2 sp=0x0000003f707ee990 mode 2
Event: 8.789 Thread 0x0000018aed49ff50 Uncommon trap: trap_request=0xffffff45 fr.pc=0x0000018add969224 relative=0x0000000000000364
Event: 8.789 Thread 0x0000018aed49ff50 Uncommon trap: reason=unstable_if action=reinterpret pc=0x0000018add969224 method=org.lombokweb.asm.Label.resolve([BLorg/lombokweb/asm/ByteVector;I)Z @ 81 c2
Event: 8.789 Thread 0x0000018aed49ff50 DEOPT PACKING pc=0x0000018add969224 sp=0x0000003f707eea50
Event: 8.789 Thread 0x0000018aed49ff50 DEOPT UNPACKING pc=0x0000018add273aa2 sp=0x0000003f707ee958 mode 2

Classes loaded (20 events):
Event: 8.342 Loading class java/util/zip/GZIPInputStream
Event: 8.343 Loading class java/util/zip/GZIPInputStream done
Event: 8.347 Loading class java/io/StringReader
Event: 8.348 Loading class java/io/StringReader done
Event: 8.384 Loading class java/net/SocketTimeoutException
Event: 8.385 Loading class java/io/InterruptedIOException
Event: 8.385 Loading class java/io/InterruptedIOException done
Event: 8.385 Loading class java/net/SocketTimeoutException done
Event: 8.385 Loading class java/net/SocketException
Event: 8.386 Loading class java/net/SocketException done
Event: 8.386 Loading class java/net/UnknownHostException
Event: 8.386 Loading class java/net/UnknownHostException done
Event: 8.386 Loading class java/net/ProtocolException
Event: 8.386 Loading class java/net/ProtocolException done
Event: 8.420 Loading class java/lang/ThreadLocal$SuppliedThreadLocal
Event: 8.420 Loading class java/lang/ThreadLocal$SuppliedThreadLocal done
Event: 8.427 Loading class java/io/FileWriter
Event: 8.427 Loading class java/io/FileWriter done
Event: 8.433 Loading class java/lang/NegativeArraySizeException
Event: 8.433 Loading class java/lang/NegativeArraySizeException done

Classes unloaded (7 events):
Event: 8.299 Thread 0x0000018ae6ed6800 Unloading class 0x0000018a8119d400 'java/lang/invoke/LambdaForm$MH+0x0000018a8119d400'
Event: 8.299 Thread 0x0000018ae6ed6800 Unloading class 0x0000018a8119d000 'java/lang/invoke/LambdaForm$MH+0x0000018a8119d000'
Event: 8.299 Thread 0x0000018ae6ed6800 Unloading class 0x0000018a8119cc00 'java/lang/invoke/LambdaForm$MH+0x0000018a8119cc00'
Event: 8.299 Thread 0x0000018ae6ed6800 Unloading class 0x0000018a8119c800 'java/lang/invoke/LambdaForm$MH+0x0000018a8119c800'
Event: 8.299 Thread 0x0000018ae6ed6800 Unloading class 0x0000018a8119c400 'java/lang/invoke/LambdaForm$BMH+0x0000018a8119c400'
Event: 8.299 Thread 0x0000018ae6ed6800 Unloading class 0x0000018a8119c000 'java/lang/invoke/LambdaForm$DMH+0x0000018a8119c000'
Event: 8.299 Thread 0x0000018ae6ed6800 Unloading class 0x0000018a8119ac00 'java/lang/invoke/LambdaForm$DMH+0x0000018a8119ac00'

Classes redefined (0 events):
No events

Internal exceptions (20 events):
Event: 7.356 Thread 0x0000018aed49ff50 Exception <a 'java/lang/NoSuchMethodError'{0x00000000eadc05e0}: 'int java.lang.invoke.DirectMethodHandle$Holder.invokeStaticInit(java.lang.Object, java.lang.Object, java.lang.Object)'> (0x00000000eadc05e0) 
thrown [s\src\hotspot\share\interpreter\linkResolver.cpp, line 773]
Event: 7.370 Thread 0x0000018aed49ff50 Exception <a 'java/lang/IncompatibleClassChangeError'{0x00000000eae6a178}: Found class java.lang.Object, but interface was expected> (0x00000000eae6a178) 
thrown [s\src\hotspot\share\interpreter\linkResolver.cpp, line 840]
Event: 7.376 Thread 0x0000018aed49ff50 Exception <a 'java/lang/NoSuchMethodError'{0x00000000eae7ae40}: 'java.lang.Object java.lang.invoke.DirectMethodHandle$Holder.invokeSpecial(java.lang.Object, java.lang.Object, java.lang.Object, int, java.lang.Object, java.lang.Object)'> (0x00000000eae7ae40) 
thrown [s\src\hotspot\share\interpreter\linkResolver.cpp, line 773]
Event: 7.378 Thread 0x0000018aed49ff50 Exception <a 'java/lang/NoSuchMethodError'{0x00000000eae826d8}: 'java.lang.Object java.lang.invoke.DirectMethodHandle$Holder.newInvokeSpecial(java.lang.Object, java.lang.Object, java.lang.Object, int, java.lang.Object)'> (0x00000000eae826d8) 
thrown [s\src\hotspot\share\interpreter\linkResolver.cpp, line 773]
Event: 7.378 Thread 0x0000018aed49ff50 Exception <a 'java/lang/NoSuchMethodError'{0x00000000eae861c8}: 'java.lang.Object java.lang.invoke.Invokers$Holder.linkToTargetMethod(java.lang.Object, java.lang.Object, int, java.lang.Object, java.lang.Object)'> (0x00000000eae861c8) 
thrown [s\src\hotspot\share\interpreter\linkResolver.cpp, line 773]
Event: 7.379 Thread 0x0000018aed807850 Exception <a 'java/lang/NoSuchMethodError'{0x00000000eada7ad0}: 'java.lang.Object java.lang.invoke.DirectMethodHandle$Holder.invokeSpecial(java.lang.Object, java.lang.Object, int, java.lang.Object, java.lang.Object)'> (0x00000000eada7ad0) 
thrown [s\src\hotspot\share\interpreter\linkResolver.cpp, line 773]
Event: 7.407 Thread 0x0000018aed49ff50 Exception <a 'java/lang/NoSuchMethodError'{0x00000000eaf88cd8}: 'void java.lang.invoke.DirectMethodHandle$Holder.invokeSpecial(java.lang.Object, java.lang.Object, java.lang.Object, java.lang.Object, java.lang.Object)'> (0x00000000eaf88cd8) 
thrown [s\src\hotspot\share\interpreter\linkResolver.cpp, line 773]
Event: 7.594 Thread 0x0000018aed49ff50 Exception <a 'java/lang/NoSuchMethodError'{0x00000000eb7aa118}: 'java.lang.Object java.lang.invoke.DirectMethodHandle$Holder.invokeInterface(java.lang.Object, java.lang.Object, java.lang.Object)'> (0x00000000eb7aa118) 
thrown [s\src\hotspot\share\interpreter\linkResolver.cpp, line 773]
Event: 7.674 Thread 0x0000018aed49ff50 Exception <a 'java/lang/NoSuchMethodError'{0x00000000ebb93da0}: 'java.lang.Object java.lang.invoke.Invokers$Holder.linkToTargetMethod(java.lang.Object, long, java.lang.Object, java.lang.Object)'> (0x00000000ebb93da0) 
thrown [s\src\hotspot\share\interpreter\linkResolver.cpp, line 773]
Event: 7.908 Thread 0x0000018aed49ff50 Exception <a 'java/io/FileNotFoundException'{0x00000000ec36b398}> (0x00000000ec36b398) 
thrown [s\src\hotspot\share\prims\jni.cpp, line 520]
Event: 7.910 Thread 0x0000018aed49ff50 Exception <a 'java/lang/NoSuchMethodError'{0x00000000ec373c28}: 'java.lang.Object java.lang.invoke.DirectMethodHandle$Holder.newInvokeSpecial(java.lang.Object, int, java.lang.Object, java.lang.Object)'> (0x00000000ec373c28) 
thrown [s\src\hotspot\share\interpreter\linkResolver.cpp, line 773]
Event: 8.137 Thread 0x0000018aed49ff50 Exception <a 'java/lang/NoSuchMethodError'{0x00000000eb3b9f88}: 'long java.lang.invoke.DirectMethodHandle$Holder.invokeSpecial(java.lang.Object, java.lang.Object)'> (0x00000000eb3b9f88) 
thrown [s\src\hotspot\share\interpreter\linkResolver.cpp, line 773]
Event: 8.138 Thread 0x0000018aed49ff50 Exception <a 'java/lang/NoSuchMethodError'{0x00000000eb3be120}: 'long java.lang.invoke.Invokers$Holder.invokeExact_MT(java.lang.Object, java.lang.Object)'> (0x00000000eb3be120) 
thrown [s\src\hotspot\share\interpreter\linkResolver.cpp, line 773]
Event: 8.280 Thread 0x0000018aed49ff50 Exception <a 'java/lang/NoSuchMethodError'{0x00000000eb95e2b0}: 'double java.lang.invoke.DirectMethodHandle$Holder.invokeStatic(java.lang.Object, java.lang.Object)'> (0x00000000eb95e2b0) 
thrown [s\src\hotspot\share\interpreter\linkResolver.cpp, line 773]
Event: 8.280 Thread 0x0000018aed49ff50 Exception <a 'java/lang/NoSuchMethodError'{0x00000000eb961940}: 'double java.lang.invoke.DirectMethodHandle$Holder.invokeStaticInit(java.lang.Object, java.lang.Object)'> (0x00000000eb961940) 
thrown [s\src\hotspot\share\interpreter\linkResolver.cpp, line 773]
Event: 8.507 Thread 0x0000018aed49ff50 Exception <a 'java/io/FileNotFoundException'{0x00000000ebb3be30}> (0x00000000ebb3be30) 
thrown [s\src\hotspot\share\prims\jni.cpp, line 520]
Event: 8.507 Thread 0x0000018aed49ff50 Exception <a 'java/io/FileNotFoundException'{0x00000000ebb3ccb0}> (0x00000000ebb3ccb0) 
thrown [s\src\hotspot\share\prims\jni.cpp, line 520]
Event: 8.508 Thread 0x0000018aed49ff50 Exception <a 'java/io/FileNotFoundException'{0x00000000ebb3dc28}> (0x00000000ebb3dc28) 
thrown [s\src\hotspot\share\prims\jni.cpp, line 520]
Event: 8.789 Thread 0x0000018aed49ff50 Implicit null exception at 0x0000018add968a75 to 0x0000018add968b50
Event: 8.977 Thread 0x0000018aed49ff50 Exception <a 'java/io/FileNotFoundException'{0x00000000eaf8c8f0}> (0x00000000eaf8c8f0) 
thrown [s\src\hotspot\share\prims\jni.cpp, line 520]

ZGC Phase Switch (0 events):
No events

VM Operations (20 events):
Event: 7.234 Executing VM operation: HandshakeAllThreads (Deoptimize) done
Event: 7.234 Executing VM operation: Cleanup
Event: 7.234 Executing VM operation: Cleanup done
Event: 7.272 Executing VM operation: ParallelGCFailedAllocation (Allocation Failure)
Event: 7.276 Executing VM operation: ParallelGCFailedAllocation (Allocation Failure) done
Event: 7.501 Executing VM operation: HandshakeAllThreads (Deoptimize)
Event: 7.502 Executing VM operation: HandshakeAllThreads (Deoptimize) done
Event: 7.546 Executing VM operation: HandshakeAllThreads (Deoptimize)
Event: 7.546 Executing VM operation: HandshakeAllThreads (Deoptimize) done
Event: 7.554 Executing VM operation: HandshakeAllThreads (Deoptimize)
Event: 7.554 Executing VM operation: HandshakeAllThreads (Deoptimize) done
Event: 7.912 Executing VM operation: ParallelGCFailedAllocation (Allocation Failure)
Event: 7.917 Executing VM operation: ParallelGCFailedAllocation (Allocation Failure) done
Event: 8.288 Executing VM operation: CollectForMetadataAllocation (Metadata GC Threshold)
Event: 8.333 Executing VM operation: CollectForMetadataAllocation (Metadata GC Threshold) done
Event: 8.651 Executing VM operation: ParallelGCFailedAllocation (Allocation Failure)
Event: 8.652 Executing VM operation: ParallelGCFailedAllocation (Allocation Failure) done
Event: 8.967 Executing VM operation: ParallelGCFailedAllocation (Allocation Failure)
Event: 8.968 Executing VM operation: ParallelGCFailedAllocation (Allocation Failure) done
Event: 9.969 Executing VM operation: Cleanup

Memory protections (0 events):
No events

Nmethod flushes (0 events):
No events

Events (20 events):
Event: 0.112 Thread 0x0000018ad0752070 Thread added: 0x0000018ae6eee760
Event: 0.112 Thread 0x0000018ad0752070 Thread added: 0x0000018ad2baa360
Event: 0.113 Thread 0x0000018ad0752070 Thread added: 0x0000018ad2bab230
Event: 0.113 Thread 0x0000018ad0752070 Thread added: 0x0000018ad2bad340
Event: 0.113 Thread 0x0000018ad0752070 Thread added: 0x0000018ad2bb4180
Event: 0.113 Thread 0x0000018ad0752070 Thread added: 0x0000018ad2bbc6e0
Event: 0.114 Thread 0x0000018ad0752070 Thread added: 0x0000018ad2bbe6e0
Event: 0.141 Thread 0x0000018ad0752070 Thread added: 0x0000018ae8974810
Event: 0.548 Thread 0x0000018ad0752070 Thread added: 0x0000018ae8bb0f70
Event: 2.096 Thread 0x0000018ad0752070 Thread added: 0x0000018aed420420
Event: 2.610 Thread 0x0000018ad0752070 Thread added: 0x0000018aed457a60
Event: 2.688 Thread 0x0000018aed457a60 Thread added: 0x0000018aed49f8f0
Event: 2.692 Thread 0x0000018ad0752070 Thread added: 0x0000018aed49ff50
Event: 3.477 Thread 0x0000018aed49ff50 Thread added: 0x0000018aed806b30
Event: 4.023 Thread 0x0000018aed49ff50 Thread added: 0x0000018aed805e10
Event: 4.254 Thread 0x0000018aed49ff50 Thread added: 0x0000018aed807ee0
Event: 5.411 Thread 0x0000018aed49ff50 Thread added: 0x0000018aed808570
Event: 7.283 Thread 0x0000018aed49ff50 Thread added: 0x0000018aed8050f0
Event: 7.348 Thread 0x0000018aed49ff50 Thread added: 0x0000018aed807850
Event: 7.380 Thread 0x0000018aed49ff50 Thread added: 0x0000018aed805780


Dynamic libraries:
0x00007ff7eaf10000 - 0x00007ff7eaf1e000 	c:\Users\Sara\.cursor\extensions\redhat.java-1.40.0-win32-x64\jre\21.0.6-win32-x86_64\bin\java.exe
0x00007ffb41180000 - 0x00007ffb413e3000 	C:\WINDOWS\SYSTEM32\ntdll.dll
0x00007ffb15c00000 - 0x00007ffb15c1a000 	C:\Program Files\Avast Software\Avast\aswhook.dll
0x00007ffb40990000 - 0x00007ffb40a57000 	C:\WINDOWS\System32\KERNEL32.DLL
0x00007ffb3e5e0000 - 0x00007ffb3e9a7000 	C:\WINDOWS\System32\KERNELBASE.dll
0x00007ffb3edc0000 - 0x00007ffb3ef0c000 	C:\WINDOWS\System32\ucrtbase.dll
0x00007ffb11050000 - 0x00007ffb11068000 	c:\Users\Sara\.cursor\extensions\redhat.java-1.40.0-win32-x64\jre\21.0.6-win32-x86_64\bin\jli.dll
0x00007ffb40b60000 - 0x00007ffb40d29000 	C:\WINDOWS\System32\USER32.dll
0x00007ffb3e9b0000 - 0x00007ffb3e9d7000 	C:\WINDOWS\System32\win32u.dll
0x00007ffb3efc0000 - 0x00007ffb3efea000 	C:\WINDOWS\System32\GDI32.dll
0x00007ffb3e9e0000 - 0x00007ffb3eb0b000 	C:\WINDOWS\System32\gdi32full.dll
0x00007ffb3ef10000 - 0x00007ffb3efb3000 	C:\WINDOWS\System32\msvcp_win.dll
0x00007ffb02130000 - 0x00007ffb0214e000 	c:\Users\Sara\.cursor\extensions\redhat.java-1.40.0-win32-x64\jre\21.0.6-win32-x86_64\bin\VCRUNTIME140.dll
0x00007ffb3d690000 - 0x00007ffb3d920000 	C:\WINDOWS\WinSxS\amd64_microsoft.windows.common-controls_6595b64144ccf1df_6.0.26100.3037_none_3e09262ce333c378\COMCTL32.dll
0x00007ffb40d70000 - 0x00007ffb40e19000 	C:\WINDOWS\System32\msvcrt.dll
0x00007ffb40fc0000 - 0x00007ffb40fef000 	C:\WINDOWS\System32\IMM32.DLL
0x00000000546b0000 - 0x00000000546bc000 	C:\Program Files (x86)\360\Total Security\safemon\SafeWrapper.dll
0x00007ffb41080000 - 0x00007ffb41134000 	C:\WINDOWS\System32\ADVAPI32.dll
0x00007ffb40f10000 - 0x00007ffb40fb6000 	C:\WINDOWS\System32\sechost.dll
0x00007ffb400e0000 - 0x00007ffb401f6000 	C:\WINDOWS\System32\RPCRT4.dll
0x00007ffaeec80000 - 0x00007ffaeed2c000 	C:\Program Files (x86)\360\Total Security\safemon\libzdtp64.dll
0x00007ffb3f2b0000 - 0x00007ffb3f9b4000 	C:\WINDOWS\System32\SHELL32.dll
0x00007ffb3fd50000 - 0x00007ffb3fdad000 	C:\WINDOWS\System32\SHLWAPI.dll
0x00007ffb388b0000 - 0x00007ffb388bb000 	C:\WINDOWS\SYSTEM32\VERSION.dll
0x00007ffb30bb0000 - 0x00007ffb30bbc000 	c:\Users\Sara\.cursor\extensions\redhat.java-1.40.0-win32-x64\jre\21.0.6-win32-x86_64\bin\vcruntime140_1.dll
0x00007ffaf8ed0000 - 0x00007ffaf8f5d000 	c:\Users\Sara\.cursor\extensions\redhat.java-1.40.0-win32-x64\jre\21.0.6-win32-x86_64\bin\msvcp140.dll
0x00007ffad04e0000 - 0x00007ffad1270000 	c:\Users\Sara\.cursor\extensions\redhat.java-1.40.0-win32-x64\jre\21.0.6-win32-x86_64\bin\server\jvm.dll
0x00007ffb41000000 - 0x00007ffb41074000 	C:\WINDOWS\System32\WS2_32.dll
0x00007ffb3e1f0000 - 0x00007ffb3e23e000 	C:\WINDOWS\SYSTEM32\POWRPROF.dll
0x00007ffb36db0000 - 0x00007ffb36de6000 	C:\WINDOWS\SYSTEM32\WINMM.dll
0x00007ffb3e1d0000 - 0x00007ffb3e1e4000 	C:\WINDOWS\SYSTEM32\UMPDC.dll
0x00007ffb3c3b0000 - 0x00007ffb3c3ca000 	C:\WINDOWS\SYSTEM32\kernel.appcore.dll
0x00007ffb2ff30000 - 0x00007ffb2ff3a000 	c:\Users\Sara\.cursor\extensions\redhat.java-1.40.0-win32-x64\jre\21.0.6-win32-x86_64\bin\jimage.dll
0x00007ffb3dca0000 - 0x00007ffb3dee1000 	C:\WINDOWS\SYSTEM32\DBGHELP.DLL
0x00007ffb3f9c0000 - 0x00007ffb3fd3e000 	C:\WINDOWS\System32\combase.dll
0x00007ffb3fe40000 - 0x00007ffb3ff16000 	C:\WINDOWS\System32\OLEAUT32.dll
0x00007ffb3db30000 - 0x00007ffb3db69000 	C:\WINDOWS\SYSTEM32\dbgcore.DLL
0x00007ffb3eb10000 - 0x00007ffb3eba9000 	C:\WINDOWS\System32\bcryptPrimitives.dll
0x00007ffafe7a0000 - 0x00007ffafe7af000 	c:\Users\Sara\.cursor\extensions\redhat.java-1.40.0-win32-x64\jre\21.0.6-win32-x86_64\bin\instrument.dll
0x00007ffb02060000 - 0x00007ffb0207f000 	c:\Users\Sara\.cursor\extensions\redhat.java-1.40.0-win32-x64\jre\21.0.6-win32-x86_64\bin\java.dll
0x00007ffb3b2c0000 - 0x00007ffb3baf7000 	C:\WINDOWS\SYSTEM32\windows.storage.dll
0x00007ffb3f1c0000 - 0x00007ffb3f2a9000 	C:\WINDOWS\System32\SHCORE.dll
0x00007ffb3e430000 - 0x00007ffb3e45e000 	C:\WINDOWS\SYSTEM32\profapi.dll
0x00007ffafc680000 - 0x00007ffafc698000 	c:\Users\Sara\.cursor\extensions\redhat.java-1.40.0-win32-x64\jre\21.0.6-win32-x86_64\bin\zip.dll
0x00007ffb156f0000 - 0x00007ffb15700000 	C:\Users\Sara\.cursor\extensions\redhat.java-1.40.0-win32-x64\jre\21.0.6-win32-x86_64\bin\net.dll
0x00007ffb34130000 - 0x00007ffb3424e000 	C:\WINDOWS\SYSTEM32\WINHTTP.dll
0x00007ffb3c9e0000 - 0x00007ffb3ca4a000 	C:\WINDOWS\system32\mswsock.dll
0x00007ffafc130000 - 0x00007ffafc146000 	C:\Users\Sara\.cursor\extensions\redhat.java-1.40.0-win32-x64\jre\21.0.6-win32-x86_64\bin\nio.dll
0x00007ffafcaf0000 - 0x00007ffafcb00000 	c:\Users\Sara\.cursor\extensions\redhat.java-1.40.0-win32-x64\jre\21.0.6-win32-x86_64\bin\verify.dll
0x00007ffaecb10000 - 0x00007ffaecb55000 	C:\Users\Sara\AppData\Roaming\Cursor\User\globalStorage\redhat.java\1.40.0\config_win\org.eclipse.equinox.launcher\org.eclipse.equinox.launcher.win32.win32.x86_64_1.2.1200.v20250212-0927\eclipse_11909.dll
0x00007ffb3ff40000 - 0x00007ffb400d5000 	C:\WINDOWS\System32\ole32.dll
0x00007ffb3e080000 - 0x00007ffb3e09c000 	C:\WINDOWS\SYSTEM32\CRYPTSP.dll
0x00007ffb3c310000 - 0x00007ffb3c348000 	C:\WINDOWS\system32\rsaenh.dll
0x00007ffb3ca80000 - 0x00007ffb3caab000 	C:\WINDOWS\SYSTEM32\USERENV.dll
0x00007ffb3dc00000 - 0x00007ffb3dc26000 	C:\WINDOWS\SYSTEM32\bcrypt.dll
0x00007ffb3d3a0000 - 0x00007ffb3d3ac000 	C:\WINDOWS\SYSTEM32\CRYPTBASE.dll
0x00007ffb3bea0000 - 0x00007ffb3bed2000 	C:\WINDOWS\SYSTEM32\IPHLPAPI.DLL
0x00007ffb40e30000 - 0x00007ffb40e3a000 	C:\WINDOWS\System32\NSI.dll
0x00007ffae9680000 - 0x00007ffae96c9000 	C:\Users\Sara\AppData\Local\Temp\jna-2569501\jna10572033639559146431.dll
0x00007ffb40d60000 - 0x00007ffb40d68000 	C:\WINDOWS\System32\PSAPI.DLL

dbghelp: loaded successfully - version: 4.0.5 - missing functions: none
symbol engine: initialized successfully - sym options: 0x614 - pdb path: .;c:\Users\Sara\.cursor\extensions\redhat.java-1.40.0-win32-x64\jre\21.0.6-win32-x86_64\bin;C:\WINDOWS\SYSTEM32;C:\Program Files\Avast Software\Avast;C:\WINDOWS\WinSxS\amd64_microsoft.windows.common-controls_6595b64144ccf1df_6.0.26100.3037_none_3e09262ce333c378;C:\Program Files (x86)\360\Total Security\safemon;c:\Users\Sara\.cursor\extensions\redhat.java-1.40.0-win32-x64\jre\21.0.6-win32-x86_64\bin\server;C:\Users\Sara\AppData\Roaming\Cursor\User\globalStorage\redhat.java\1.40.0\config_win\org.eclipse.equinox.launcher\org.eclipse.equinox.launcher.win32.win32.x86_64_1.2.1200.v20250212-0927;C:\Users\Sara\AppData\Local\Temp\jna-2569501

VM Arguments:
jvm_args: --add-modules=ALL-SYSTEM --add-opens=java.base/java.util=ALL-UNNAMED --add-opens=java.base/java.lang=ALL-UNNAMED --add-opens=java.base/sun.nio.fs=ALL-UNNAMED -Declipse.application=org.eclipse.jdt.ls.core.id1 -Dosgi.bundles.defaultStartLevel=4 -Declipse.product=org.eclipse.jdt.ls.core.product -Djava.import.generatesMetadataFilesAtProjectRoot=false -DDetectVMInstallationsJob.disabled=true -Dfile.encoding=utf8 -XX:+UseParallelGC -XX:GCTimeRatio=4 -XX:AdaptiveSizePolicyWeight=90 -Dsun.zip.disableMemoryMapping=true -Xmx1G -Xms100m -Xlog:disable -javaagent:c:\Users\Sara\.cursor\extensions\redhat.java-1.40.0-win32-x64\lombok\lombok-1.18.36.jar -XX:+HeapDumpOnOutOfMemoryError -XX:HeapDumpPath=c:\Users\Sara\AppData\Roaming\Cursor\User\workspaceStorage\cc5851b391fa9a3456b3bb2d2ad9e1de\redhat.java -Daether.dependencyCollector.impl=bf 
java_command: c:\Users\Sara\.cursor\extensions\redhat.java-1.40.0-win32-x64\server\plugins\org.eclipse.equinox.launcher_1.6.1000.v20250131-0606.jar -configuration c:\Users\Sara\AppData\Roaming\Cursor\User\globalStorage\redhat.java\1.40.0\config_win -data c:\Users\Sara\AppData\Roaming\Cursor\User\workspaceStorage\cc5851b391fa9a3456b3bb2d2ad9e1de\redhat.java\jdt_ws --pipe=\\.\pipe\lsp-491adc3eeed5f7dcc561807db5a6391b-sock
java_class_path (initial): c:\Users\Sara\.cursor\extensions\redhat.java-1.40.0-win32-x64\server\plugins\org.eclipse.equinox.launcher_1.6.1000.v20250131-0606.jar
Launcher Type: SUN_STANDARD

[Global flags]
    uintx AdaptiveSizePolicyWeight                 = 90                                        {product} {command line}
     intx CICompilerCount                          = 4                                         {product} {ergonomic}
    uintx GCTimeRatio                              = 4                                         {product} {command line}
     bool HeapDumpOnOutOfMemoryError               = true                                   {manageable} {command line}
    ccstr HeapDumpPath                             = c:\Users\Sara\AppData\Roaming\Cursor\User\workspaceStorage\cc5851b391fa9a3456b3bb2d2ad9e1de\redhat.java         {manageable} {command line}
   size_t InitialHeapSize                          = 104857600                                 {product} {command line}
   size_t MaxHeapSize                              = 1073741824                                {product} {command line}
   size_t MaxNewSize                               = 357564416                                 {product} {ergonomic}
   size_t MinHeapDeltaBytes                        = 524288                                    {product} {ergonomic}
   size_t MinHeapSize                              = 104857600                                 {product} {command line}
   size_t NewSize                                  = 34603008                                  {product} {ergonomic}
    uintx NonNMethodCodeHeapSize                   = 5839372                                {pd product} {ergonomic}
    uintx NonProfiledCodeHeapSize                  = 122909434                              {pd product} {ergonomic}
   size_t OldSize                                  = 70254592                                  {product} {ergonomic}
    uintx ProfiledCodeHeapSize                     = 122909434                              {pd product} {ergonomic}
    uintx ReservedCodeCacheSize                    = 251658240                              {pd product} {ergonomic}
     bool SegmentedCodeCache                       = true                                      {product} {ergonomic}
   size_t SoftMaxHeapSize                          = 1073741824                             {manageable} {ergonomic}
     bool UseCompressedOops                        = true                           {product lp64_product} {ergonomic}
     bool UseLargePagesIndividualAllocation        = false                                  {pd product} {ergonomic}
     bool UseParallelGC                            = true                                      {product} {command line}

Logging:
Log output configuration:
 #0: stdout all=off uptime,level,tags foldmultilines=false
 #1: stderr all=off uptime,level,tags foldmultilines=false

Environment Variables:
JAVA_HOME=C:\Program Files\Java\jdk-17
PATH=C:\Program Files\Java\jdk-17\bin;C:\ProgramData\Oracle\Java\javapath;C:\Program Files\Common Files\Oracle\Java\javapath;C:\Program Files (x86)\Common Files\Oracle\Java\java8path;C:\Program Files (x86)\Common Files\Oracle\Java\javapath;C:\WINDOWS\system32;C:\WINDOWS;C:\WINDOWS\System32\Wbem;C:\WINDOWS\System32\WindowsPowerShell\v1.0\;C:\WINDOWS\System32\OpenSSH\;C:\Program Files\dotnet\;C:\Users\Sara\AppData\Roaming\nvm;C:\Program Files\nodejs;C:\Program Files\nodejs\;C:\Users\Sara\AppData\Roaming\npm;C:\Program Files\Git\cmd;C:\Users\Sara\AppData\Local\Programs\Python\Python313\Scripts\;C:\Users\Sara\AppData\Local\Programs\Python\Python313\;C:\src\flutter\bin;C:\Users\Sara\AppData\Local\Programs\Microsoft VS Code\bin;C:\Program Files\Java\jdk-17\bin;;C:\Users\Sara\AppData\Local\Microsoft\WindowsApps;C:\Users\Sara\AppData\Local\Programs\cursor\resources\app\bin
USERNAME=Sara
OS=Windows_NT
PROCESSOR_IDENTIFIER=AMD64 Family 23 Model 104 Stepping 1, AuthenticAMD
TMP=C:\Users\Sara\AppData\Local\Temp
TEMP=C:\Users\Sara\AppData\Local\Temp




Periodic native trim disabled

---------------  S Y S T E M  ---------------

OS:
 Windows 11 , 64 bit Build 26100 (10.0.26100.3037)
OS uptime: 14 days 21:54 hours

CPU: total 8 (initial active 8) (8 cores per cpu, 2 threads per core) family 23 model 104 stepping 1 microcode 0x8608102, cx8, cmov, fxsr, ht, mmx, 3dnowpref, sse, sse2, sse3, ssse3, sse4a, sse4.1, sse4.2, popcnt, lzcnt, tsc, tscinvbit, avx, avx2, aes, clmul, bmi1, bmi2, adx, sha, fma, vzeroupper, clflush, clflushopt, rdtscp, rdpid, f16c
Processor Information for the first 8 processors :
  Max Mhz: 2600, Current Mhz: 2600, Mhz Limit: 2600

Memory: 4k page, system-wide physical 7530M (170M free)
TotalPageFile size 31082M (AvailPageFile size 68M)
current process WorkingSet (physical memory assigned to process): 152M, peak: 153M
current process commit charge ("private bytes"): 254M, peak: 254M

vm_info: OpenJDK 64-Bit Server VM (21.0.6+7-LTS) for windows-amd64 JRE (21.0.6+7-LTS), built on 2025-01-21T00:00:00Z by "admin" with MS VC++ 17.7 (VS2022)

END.
